<?xml version="1.0" encoding="UTF-8"?>
<testng-results skipped="0" failed="0" ignored="0" total="1" passed="1">
  <reporter-output>
  </reporter-output>
  <suite name="Default suite" duration-ms="18617" started-at="2019-11-08T01:48:44Z" finished-at="2019-11-08T01:49:03Z">
    <groups>
    </groups>
    <test name="Default test" duration-ms="18617" started-at="2019-11-08T01:48:44Z" finished-at="2019-11-08T01:49:03Z">
      <class name="jqueryTest.Interaction">
        <test-method status="PASS" signature="selectable()[pri:0, instance:jqueryTest.Interaction@7823a2f9]" name="selectable" duration-ms="18578" started-at="2019-11-08T01:48:44Z" finished-at="2019-11-08T01:49:03Z">
          <reporter-output>
          </reporter-output>
        </test-method> <!-- selectable -->
      </class> <!-- jqueryTest.Interaction -->
    </test> <!-- Default test -->
  </suite> <!-- Default suite -->
</testng-results>
